0 info it worked if it ends with ok
1 verbose cli [ '/home/build/.nvm/v0.11.16/bin/node',
1 verbose cli   '/home/build/.nvm/v0.11.16/bin/npm',
1 verbose cli   'publish' ]
2 info using npm@2.3.0
3 info using node@v0.11.16
4 verbose publish [ '.' ]
5 silly cache add args [ '.', null ]
6 verbose cache add spec .
7 silly cache add parsed spec { raw: '.',
7 silly cache add   scope: null,
7 silly cache add   name: null,
7 silly cache add   rawSpec: '.',
7 silly cache add   spec: '/home/build/dev/owlcarousel/OwlCarousel',
7 silly cache add   type: 'directory' }
8 verbose addLocalDirectory /home/build/.npm/OwlCarousel/1.3.3/package.tgz not in flight; packing
9 verbose tar pack [ '/home/build/.npm/OwlCarousel/1.3.3/package.tgz',
9 verbose tar pack   '/home/build/dev/owlcarousel/OwlCarousel' ]
10 verbose tarball /home/build/.npm/OwlCarousel/1.3.3/package.tgz
11 verbose folder /home/build/dev/owlcarousel/OwlCarousel
12 info prepublish OwlCarousel@1.3.3
13 verbose addLocalTarball adding from inside cache /home/build/.npm/OwlCarousel/1.3.3/package.tgz
14 silly cache afterAdd OwlCarousel@1.3.3
15 verbose afterAdd /home/build/.npm/OwlCarousel/1.3.3/package/package.json not in flight; writing
16 verbose afterAdd /home/build/.npm/OwlCarousel/1.3.3/package/package.json written
17 silly publish { author: { name: 'OwlFonk' },
17 silly publish   name: 'OwlCarousel',
17 silly publish   description: 'Owl Carousel. Touch enabled jQuery plugin that lets you create beautiful responsive carousel slider',
17 silly publish   version: '1.3.3',
17 silly publish   homepage: 'https://github.com/OwlFonk/OwlCarousel',
17 silly publish   repository: { type: 'git', url: 'git://github.com/OwlFonk/OwlCarousel' },
17 silly publish   main: './OwlCarousel/owl.carousel.js',
17 silly publish   readme: '##New version 2.0.0-beta now available for testers. [Check it](http://www.owlgraphic.com/owlcarousel2/)\n\n### OwlCarousel ###\n>v.1.3.3\n\nTouch enabled jQuery plugin that lets you create beautiful responsive carousel slider.\n[Visit Owl Carousel landing page](http://owlgraphic.com/owlcarousel)\n\n###Features:\n* Responsive\n* Touch Events\n* Mouse Slide Events\n* Fully Customizable\n* Choose the number of items to be displayed\n* Multiple Sliders\n* CSS3 3d Transitions\n* Custimizable controls\n* JSON \n* Custom events\n* Helpful callbacks\n\n> Tested on IE7, IE8, IE9, IE10, Chrome, Safari, Firefox, Opera, iPhone, iPad, Chrome on Google Nexus.\n\n\n### More Demos\nSee what Owl can do:\n* [With auto scaling images](http://owlgraphic.com/owlcarousel/demos/images.html)\n* [Full Width](http://owlgraphic.com/owlcarousel/demos/full.html)\n* [Custom Widths](http://owlgraphic.com/owlcarousel/demos/custom.html)\n* [One Item](http://owlgraphic.com/owlcarousel/demos/one.html)\n* [More demos](http://owlgraphic.com/owlcarousel/#more-demos)\n\n### 1.Getting Started\nLoad jQuery(1.7+) and include Owl Carousel plugin files\n\n```html\n<!-- Basic stylesheet -->\n<link rel="stylesheet" href="owl-carousel/owl.carousel.css">\n \n <!-- Default Theme -->\n<link rel="stylesheet" href="owl-carousel/owl.theme.css">\n \n<!-- Include js plugin -->\n<script src="owl-carousel/owl.carousel.js"></script>\n```\n### 2.Set up your HTML\nYou don\'t need any special markup. All you need is to wrap your divs inside the container element <div class="owl-carousel">. Class "owl-carousel" is mandatory to apply proper styles that come from owl.carousel.css file.\n\n```html\n<div class="owl-carousel">\n  <div> Your Content </div>\n  <div> Your Content </div>\n  <div> Your Content </div>\n  <div> Your Content </div>\n  <div> Your Content </div>\n  <div> Your Content </div>\n  <div> Your Content </div>\n  ...\n</div>\n```\n### 3.Call the plugin\nNow call the Owl initializer function and your carousel is ready.\n\n```html\n$(".owl-carousel").owlCarousel();\n```\n### 4. For more details visit [OwlCarousel landing page](http://owlgraphic.com/owlcarousel)\n##### Changelog available [here](http://owlgraphic.com/owlcarousel/changelog.html)\n\n\n\nLicense\n------------\nThe MIT License (MIT)\n',
17 silly publish   readmeFilename: 'README.md',
17 silly publish   gitHead: '4493c2116c143c801b52d34d5533576dfc09b3a4',
17 silly publish   bugs: { url: 'https://github.com/OwlFonk/OwlCarousel/issues' },
17 silly publish   _id: 'OwlCarousel@1.3.3',
17 silly publish   scripts: {},
17 silly publish   _shasum: 'a8618b53047e593e944c62e615428619fe341022',
17 silly publish   _from: '.' }
18 silly mapToRegistry name OwlCarousel
19 silly mapToRegistry using default registry
20 silly mapToRegistry registry http://registry.npmjs.org/
21 silly mapToRegistry uri http://registry.npmjs.org/OwlCarousel
22 verbose publish registryBase http://registry.npmjs.org/
23 silly publish uploading /home/build/.npm/OwlCarousel/1.3.3/package.tgz
24 verbose stack Error: Invalid name: "OwlCarousel"
24 verbose stack     at ensureValidName (/home/build/.nvm/v0.11.16/lib/node_modules/npm/node_modules/normalize-package-data/lib/fixer.js:322:15)
24 verbose stack     at Object.module.exports.fixNameField (/home/build/.nvm/v0.11.16/lib/node_modules/npm/node_modules/normalize-package-data/lib/fixer.js:211:5)
24 verbose stack     at CachingRegistryClient.publish (/home/build/.nvm/v0.11.16/lib/node_modules/npm/node_modules/npm-registry-client/lib/publish.js:35:11)
24 verbose stack     at /home/build/.nvm/v0.11.16/lib/node_modules/npm/lib/publish.js:124:14
24 verbose stack     at mapToRegistry (/home/build/.nvm/v0.11.16/lib/node_modules/npm/lib/utils/map-to-registry.js:55:3)
24 verbose stack     at publish_ (/home/build/.nvm/v0.11.16/lib/node_modules/npm/lib/publish.js:104:3)
24 verbose stack     at Array.<anonymous> (/home/build/.nvm/v0.11.16/lib/node_modules/npm/node_modules/slide/lib/bind-actor.js:15:8)
24 verbose stack     at LOOP (/home/build/.nvm/v0.11.16/lib/node_modules/npm/node_modules/slide/lib/chain.js:15:14)
24 verbose stack     at LOOP (/home/build/.nvm/v0.11.16/lib/node_modules/npm/node_modules/slide/lib/chain.js:14:28)
24 verbose stack     at chain (/home/build/.nvm/v0.11.16/lib/node_modules/npm/node_modules/slide/lib/chain.js:20:5)
25 verbose cwd /home/build/dev/owlcarousel/OwlCarousel
26 error Linux 3.16.0-30-generic
27 error argv "/home/build/.nvm/v0.11.16/bin/node" "/home/build/.nvm/v0.11.16/bin/npm" "publish"
28 error node v0.11.16
29 error npm  v2.3.0
30 error Invalid name: "OwlCarousel"
31 error If you need help, you may report this error at:
31 error     <http://github.com/npm/npm/issues>
32 verbose exit [ 1, true ]
